[ 2025-04-01 21:13:49,488 ] 1025 httpx - INFO - HTTP Request: GET https://dagshub.com/api/v1/user "HTTP/1.1 200 OK"
[ 2025-04-01 21:13:49,501 ] 107 dagshub - INFO - Accessing as ashokmevada18
[ 2025-04-01 21:13:49,984 ] 1025 httpx - INFO - HTTP Request: GET https://dagshub.com/api/v1/repos/ashokmevada18/Insurance "HTTP/1.1 200 OK"
[ 2025-04-01 21:13:50,456 ] 1025 httpx - INFO - HTTP Request: GET https://dagshub.com/api/v1/user "HTTP/1.1 200 OK"
[ 2025-04-01 21:13:50,456 ] 107 dagshub - INFO - Initialized MLflow to track repo "ashokmevada18/Insurance"
[ 2025-04-01 21:13:50,456 ] 107 dagshub - INFO - Repository ashokmevada18/Insurance initialized!
[ 2025-04-01 21:13:50,456 ] 17 root - INFO - Initiated Data Ingestion
[ 2025-04-01 21:13:58,448 ] 60 root - INFO - Performed Train Test Split on the dataframe
[ 2025-04-01 21:13:58,448 ] 63 root - INFO - Exporting train and test file path.
[ 2025-04-01 21:13:58,640 ] 70 root - INFO - Exported train and test file path.
[ 2025-04-01 21:13:58,649 ] 19 root - INFO - Completed Data Ingestion
[ 2025-04-01 21:13:58,664 ] 22 root - INFO - Initiated Data Validation
[ 2025-04-01 21:13:58,771 ] 40 root - INFO - Required number of columns:27
[ 2025-04-01 21:13:58,772 ] 41 root - INFO - Data frame has columns:27
[ 2025-04-01 21:13:58,772 ] 40 root - INFO - Required number of columns:27
[ 2025-04-01 21:13:58,772 ] 41 root - INFO - Data frame has columns:27
[ 2025-04-01 21:13:59,264 ] 24 root - INFO - Completed Data Validation
[ 2025-04-01 21:13:59,264 ] 26 root - INFO - Initiated Data Transformation
[ 2025-04-01 21:13:59,264 ] 65 root - INFO - Started Data Transformation and Reading train and test file
[ 2025-04-01 21:13:59,401 ] 46 root - INFO - Entered the save_object method of MainUtils class
[ 2025-04-01 21:13:59,417 ] 50 root - INFO - Exited the save_object method of MainUtils class
[ 2025-04-01 21:13:59,417 ] 30 root - INFO - Completed Data Transformation
