[ 2025-04-08 17:50:56,852 ] 1025 httpx - INFO - HTTP Request: GET https://dagshub.com/api/v1/user "HTTP/1.1 200 OK"
[ 2025-04-08 17:50:56,865 ] 107 dagshub - INFO - Accessing as ashokmevada18
[ 2025-04-08 17:50:57,712 ] 1025 httpx - INFO - HTTP Request: GET https://dagshub.com/api/v1/repos/ashokmevada18/Insurance "HTTP/1.1 200 OK"
[ 2025-04-08 17:50:58,160 ] 1025 httpx - INFO - HTTP Request: GET https://dagshub.com/api/v1/user "HTTP/1.1 200 OK"
[ 2025-04-08 17:50:58,177 ] 107 dagshub - INFO - Initialized MLflow to track repo "ashokmevada18/Insurance"
[ 2025-04-08 17:50:58,180 ] 107 dagshub - INFO - Repository ashokmevada18/Insurance initialized!
[ 2025-04-08 17:50:58,181 ] 17 root - INFO - Initiated Data Ingestion
[ 2025-04-08 17:51:06,821 ] 60 root - INFO - Performed Train Test Split on the dataframe
[ 2025-04-08 17:51:06,821 ] 63 root - INFO - Exporting train and test file path.
[ 2025-04-08 17:51:07,079 ] 70 root - INFO - Exported train and test file path.
[ 2025-04-08 17:51:07,089 ] 19 root - INFO - Completed Data Ingestion
[ 2025-04-08 17:51:07,100 ] 22 root - INFO - Initiated Data Validation
[ 2025-04-08 17:51:07,171 ] 40 root - INFO - Required number of columns:27
[ 2025-04-08 17:51:07,171 ] 41 root - INFO - Data frame has columns:27
[ 2025-04-08 17:51:07,171 ] 40 root - INFO - Required number of columns:27
[ 2025-04-08 17:51:07,171 ] 41 root - INFO - Data frame has columns:27
[ 2025-04-08 17:51:07,486 ] 24 root - INFO - Completed Data Validation
[ 2025-04-08 17:51:07,486 ] 26 root - INFO - Initiated Data Transformation
[ 2025-04-08 17:51:07,486 ] 76 root - INFO - Started Data Transformation and Reading train and test file
[ 2025-04-08 17:51:07,615 ] 46 root - INFO - Entered the save_object method of MainUtils class
[ 2025-04-08 17:51:07,617 ] 50 root - INFO - Exited the save_object method of MainUtils class
[ 2025-04-08 17:51:07,617 ] 30 root - INFO - Completed Data Transformation
[ 2025-04-08 17:51:07,617 ] 32 root - INFO - Model Training started...
[ 2025-04-08 17:51:07,672 ] 115 root - INFO - Starting model evaluation...
[ 2025-04-08 17:55:28,059 ] 130 root - INFO - Best model found: Decision Tree with score: 1.0
[ 2025-04-08 17:55:28,059 ] 131 root - INFO - Best hyperparameters: {'criterion': 'gini', 'max_depth': 20}
[ 2025-04-08 17:56:31,532 ] 46 root - INFO - Entered the save_object method of MainUtils class
[ 2025-04-08 17:56:31,543 ] 50 root - INFO - Exited the save_object method of MainUtils class
[ 2025-04-08 17:56:31,543 ] 46 root - INFO - Entered the save_object method of MainUtils class
[ 2025-04-08 17:56:31,544 ] 50 root - INFO - Exited the save_object method of MainUtils class
[ 2025-04-08 17:56:31,544 ] 162 root - INFO - Model trainer artifact: ModelTrainerArtifact(trained_model_file_path='Artifacts\\04_08_2025_17_50_47\\model_trainer\\trained_model\\model.pkl', train_metric_artifact=ClassificationMetricArtifact(f1_score=1.0, precision_score=1.0, recall_score=1.0), test_metric_artifact=ClassificationMetricArtifact(f1_score=1.0, precision_score=1.0, recall_score=1.0))
[ 2025-04-08 17:56:31,562 ] 37 root - INFO - Model Training artifact created
