[ 2025-04-12 00:56:16,682 ] 1025 httpx - INFO - HTTP Request: GET https://dagshub.com/api/v1/user "HTTP/1.1 200 OK"
[ 2025-04-12 00:56:16,713 ] 107 dagshub - INFO - Accessing as ashokmevada18
[ 2025-04-12 00:56:17,605 ] 1025 httpx - INFO - HTTP Request: GET https://dagshub.com/api/v1/repos/ashokmevada18/Insurance "HTTP/1.1 200 OK"
[ 2025-04-12 00:56:18,220 ] 1025 httpx - INFO - HTTP Request: GET https://dagshub.com/api/v1/user "HTTP/1.1 200 OK"
[ 2025-04-12 00:56:18,228 ] 107 dagshub - INFO - Initialized MLflow to track repo "ashokmevada18/Insurance"
[ 2025-04-12 00:56:18,228 ] 107 dagshub - INFO - Repository ashokmevada18/Insurance initialized!
[ 2025-04-12 00:56:18,236 ] 17 root - INFO - Initiated Data Ingestion
[ 2025-04-12 00:56:26,875 ] 61 root - INFO - Raw data saved to Artifacts\04_12_2025_00_56_05\data_ingestion\feature_store and synced to latest/
[ 2025-04-12 00:56:26,889 ] 71 root - INFO - Performed Train Test Split on the dataframe
[ 2025-04-12 00:56:26,889 ] 74 root - INFO - Exporting train and test file path.
[ 2025-04-12 00:56:27,174 ] 81 root - INFO - Exported train and test file path.
[ 2025-04-12 00:56:27,194 ] 19 root - INFO - Completed Data Ingestion
[ 2025-04-12 00:56:27,199 ] 22 root - INFO - Initiated Data Validation
[ 2025-04-12 00:56:27,361 ] 40 root - INFO - Required number of columns:27
[ 2025-04-12 00:56:27,361 ] 41 root - INFO - Data frame has columns:27
[ 2025-04-12 00:56:27,361 ] 40 root - INFO - Required number of columns:27
[ 2025-04-12 00:56:27,361 ] 41 root - INFO - Data frame has columns:27
[ 2025-04-12 00:56:27,706 ] 24 root - INFO - Completed Data Validation
[ 2025-04-12 00:56:27,706 ] 26 root - INFO - Initiated Data Transformation
[ 2025-04-12 00:56:27,706 ] 76 root - INFO - Started Data Transformation and Reading train and test file
[ 2025-04-12 00:56:27,940 ] 46 root - INFO - Entered the save_object method of MainUtils class
[ 2025-04-12 00:56:27,940 ] 50 root - INFO - Exited the save_object method of MainUtils class
[ 2025-04-12 00:56:27,951 ] 30 root - INFO - Completed Data Transformation
[ 2025-04-12 00:56:27,951 ] 32 root - INFO - Model Training started...
[ 2025-04-12 00:56:28,001 ] 115 root - INFO - Starting model evaluation...
[ 2025-04-12 01:01:42,779 ] 130 root - INFO - Best model found: Decision Tree with score: 1.0
[ 2025-04-12 01:01:42,780 ] 131 root - INFO - Best hyperparameters: {'criterion': 'gini', 'max_depth': 10}
[ 2025-04-12 01:03:17,928 ] 46 root - INFO - Entered the save_object method of MainUtils class
[ 2025-04-12 01:03:17,930 ] 50 root - INFO - Exited the save_object method of MainUtils class
[ 2025-04-12 01:03:17,930 ] 46 root - INFO - Entered the save_object method of MainUtils class
[ 2025-04-12 01:03:17,932 ] 50 root - INFO - Exited the save_object method of MainUtils class
[ 2025-04-12 01:03:17,932 ] 162 root - INFO - Model trainer artifact: ModelTrainerArtifact(trained_model_file_path='Artifacts\\04_12_2025_00_56_05\\model_trainer\\trained_model\\model.pkl', train_metric_artifact=ClassificationMetricArtifact(f1_score=1.0, precision_score=1.0, recall_score=1.0), test_metric_artifact=ClassificationMetricArtifact(f1_score=1.0, precision_score=1.0, recall_score=1.0))
[ 2025-04-12 01:03:17,944 ] 37 root - INFO - Model Training artifact created
