[ 2025-04-08 17:42:06,151 ] 1025 httpx - INFO - HTTP Request: GET https://dagshub.com/api/v1/user "HTTP/1.1 200 OK"
[ 2025-04-08 17:42:06,158 ] 107 dagshub - INFO - Accessing as ashokmevada18
[ 2025-04-08 17:42:06,461 ] 1025 httpx - INFO - HTTP Request: GET https://dagshub.com/api/v1/repos/ashokmevada18/Insurance "HTTP/1.1 200 OK"
[ 2025-04-08 17:42:06,755 ] 1025 httpx - INFO - HTTP Request: GET https://dagshub.com/api/v1/user "HTTP/1.1 200 OK"
[ 2025-04-08 17:42:06,755 ] 107 dagshub - INFO - Initialized MLflow to track repo "ashokmevada18/Insurance"
[ 2025-04-08 17:42:06,755 ] 107 dagshub - INFO - Repository ashokmevada18/Insurance initialized!
[ 2025-04-08 17:42:06,760 ] 17 root - INFO - Initiated Data Ingestion
[ 2025-04-08 17:42:13,743 ] 60 root - INFO - Performed Train Test Split on the dataframe
[ 2025-04-08 17:42:13,743 ] 63 root - INFO - Exporting train and test file path.
[ 2025-04-08 17:42:13,811 ] 70 root - INFO - Exported train and test file path.
[ 2025-04-08 17:42:13,822 ] 19 root - INFO - Completed Data Ingestion
[ 2025-04-08 17:42:13,822 ] 22 root - INFO - Initiated Data Validation
[ 2025-04-08 17:42:13,869 ] 40 root - INFO - Required number of columns:27
[ 2025-04-08 17:42:13,869 ] 41 root - INFO - Data frame has columns:27
[ 2025-04-08 17:42:13,869 ] 40 root - INFO - Required number of columns:27
[ 2025-04-08 17:42:13,869 ] 41 root - INFO - Data frame has columns:27
[ 2025-04-08 17:42:14,062 ] 24 root - INFO - Completed Data Validation
[ 2025-04-08 17:42:14,062 ] 26 root - INFO - Initiated Data Transformation
[ 2025-04-08 17:42:14,062 ] 76 root - INFO - Started Data Transformation and Reading train and test file
[ 2025-04-08 17:42:14,122 ] 46 root - INFO - Entered the save_object method of MainUtils class
[ 2025-04-08 17:42:14,122 ] 50 root - INFO - Exited the save_object method of MainUtils class
[ 2025-04-08 17:42:14,124 ] 30 root - INFO - Completed Data Transformation
[ 2025-04-08 17:42:14,124 ] 32 root - INFO - Model Training started...
[ 2025-04-08 17:42:14,146 ] 115 root - INFO - Starting model evaluation...
[ 2025-04-08 17:46:15,940 ] 130 root - INFO - Best model found: Decision Tree with score: 1.0
[ 2025-04-08 17:46:15,940 ] 131 root - INFO - Best hyperparameters: {'criterion': 'gini', 'max_depth': 10}
