[ 2025-04-01 21:33:14,487 ] 1025 httpx - INFO - HTTP Request: GET https://dagshub.com/api/v1/user "HTTP/1.1 200 OK"
[ 2025-04-01 21:33:14,487 ] 107 dagshub - INFO - Accessing as ashokmevada18
[ 2025-04-01 21:33:14,864 ] 1025 httpx - INFO - HTTP Request: GET https://dagshub.com/api/v1/repos/ashokmevada18/Insurance "HTTP/1.1 200 OK"
[ 2025-04-01 21:33:15,247 ] 1025 httpx - INFO - HTTP Request: GET https://dagshub.com/api/v1/user "HTTP/1.1 200 OK"
[ 2025-04-01 21:33:15,247 ] 107 dagshub - INFO - Initialized MLflow to track repo "ashokmevada18/Insurance"
[ 2025-04-01 21:33:15,262 ] 107 dagshub - INFO - Repository ashokmevada18/Insurance initialized!
[ 2025-04-01 21:33:15,262 ] 17 root - INFO - Initiated Data Ingestion
[ 2025-04-01 21:33:23,205 ] 60 root - INFO - Performed Train Test Split on the dataframe
[ 2025-04-01 21:33:23,205 ] 63 root - INFO - Exporting train and test file path.
[ 2025-04-01 21:33:23,372 ] 70 root - INFO - Exported train and test file path.
[ 2025-04-01 21:33:23,381 ] 19 root - INFO - Completed Data Ingestion
[ 2025-04-01 21:33:23,389 ] 22 root - INFO - Initiated Data Validation
[ 2025-04-01 21:33:23,476 ] 40 root - INFO - Required number of columns:27
[ 2025-04-01 21:33:23,476 ] 41 root - INFO - Data frame has columns:27
[ 2025-04-01 21:33:23,476 ] 40 root - INFO - Required number of columns:27
[ 2025-04-01 21:33:23,476 ] 41 root - INFO - Data frame has columns:27
[ 2025-04-01 21:33:23,888 ] 24 root - INFO - Completed Data Validation
[ 2025-04-01 21:33:23,888 ] 26 root - INFO - Initiated Data Transformation
[ 2025-04-01 21:33:23,888 ] 65 root - INFO - Started Data Transformation and Reading train and test file
[ 2025-04-01 21:33:23,984 ] 46 root - INFO - Entered the save_object method of MainUtils class
[ 2025-04-01 21:33:23,984 ] 50 root - INFO - Exited the save_object method of MainUtils class
[ 2025-04-01 21:33:23,984 ] 30 root - INFO - Completed Data Transformation
[ 2025-04-01 21:33:23,984 ] 32 root - INFO - Model Training started...
[ 2025-04-01 21:33:24,041 ] 107 root - INFO - Starting model evaluation...
[ 2025-04-01 21:44:13,254 ] 116 root - INFO - Best model found: Gradient Boosting with score: 0.9993605973214569
[ 2025-04-01 21:45:16,266 ] 46 root - INFO - Entered the save_object method of MainUtils class
[ 2025-04-01 21:45:16,284 ] 50 root - INFO - Exited the save_object method of MainUtils class
[ 2025-04-01 21:45:16,284 ] 46 root - INFO - Entered the save_object method of MainUtils class
[ 2025-04-01 21:45:16,299 ] 50 root - INFO - Exited the save_object method of MainUtils class
[ 2025-04-01 21:45:16,299 ] 150 root - INFO - Model trainer artifact: ModelTrainerArtifact(trained_model_file_path='Artifacts\\04_01_2025_21_33_03\\model_trainer\\trained_model\\model.pkl', train_metric_artifact=ClassificationMetricArtifact(f1_score=1.0, precision_score=1.0, recall_score=1.0), test_metric_artifact=ClassificationMetricArtifact(f1_score=0.999655903767015, precision_score=0.9996747967479674, recall_score=0.9996666666666667))
[ 2025-04-01 21:45:16,310 ] 37 root - INFO - Model Training artifact created
