[ 2025-04-01 21:14:47,769 ] 1025 httpx - INFO - HTTP Request: GET https://dagshub.com/api/v1/user "HTTP/1.1 200 OK"
[ 2025-04-01 21:14:47,790 ] 107 dagshub - INFO - Accessing as ashokmevada18
[ 2025-04-01 21:14:48,350 ] 1025 httpx - INFO - HTTP Request: GET https://dagshub.com/api/v1/repos/ashokmevada18/Insurance "HTTP/1.1 200 OK"
[ 2025-04-01 21:14:48,778 ] 1025 httpx - INFO - HTTP Request: GET https://dagshub.com/api/v1/user "HTTP/1.1 200 OK"
[ 2025-04-01 21:14:48,783 ] 107 dagshub - INFO - Initialized MLflow to track repo "ashokmevada18/Insurance"
[ 2025-04-01 21:14:48,783 ] 107 dagshub - INFO - Repository ashokmevada18/Insurance initialized!
[ 2025-04-01 21:14:48,783 ] 17 root - INFO - Initiated Data Ingestion
[ 2025-04-01 21:14:56,255 ] 60 root - INFO - Performed Train Test Split on the dataframe
[ 2025-04-01 21:14:56,255 ] 63 root - INFO - Exporting train and test file path.
[ 2025-04-01 21:14:56,413 ] 70 root - INFO - Exported train and test file path.
[ 2025-04-01 21:14:56,428 ] 19 root - INFO - Completed Data Ingestion
[ 2025-04-01 21:14:56,453 ] 22 root - INFO - Initiated Data Validation
[ 2025-04-01 21:14:56,552 ] 40 root - INFO - Required number of columns:27
[ 2025-04-01 21:14:56,552 ] 41 root - INFO - Data frame has columns:27
[ 2025-04-01 21:14:56,552 ] 40 root - INFO - Required number of columns:27
[ 2025-04-01 21:14:56,552 ] 41 root - INFO - Data frame has columns:27
[ 2025-04-01 21:14:56,983 ] 24 root - INFO - Completed Data Validation
[ 2025-04-01 21:14:56,983 ] 26 root - INFO - Initiated Data Transformation
[ 2025-04-01 21:14:56,983 ] 65 root - INFO - Started Data Transformation and Reading train and test file
[ 2025-04-01 21:14:57,094 ] 46 root - INFO - Entered the save_object method of MainUtils class
[ 2025-04-01 21:14:57,103 ] 50 root - INFO - Exited the save_object method of MainUtils class
[ 2025-04-01 21:14:57,103 ] 30 root - INFO - Completed Data Transformation
[ 2025-04-01 21:14:57,103 ] 32 root - INFO - Model Training started...
[ 2025-04-01 21:14:57,152 ] 107 root - INFO - Starting model evaluation...
[ 2025-04-01 21:26:10,438 ] 116 root - INFO - Best model found: Decision Tree with score: 0.9993573127102123
