[ 2025-05-21 18:08:44,537 ] 1025 httpx - INFO - HTTP Request: GET https://dagshub.com/api/v1/user "HTTP/1.1 200 OK"
[ 2025-05-21 18:08:44,544 ] 107 dagshub - INFO - Accessing as ashokmevada18
[ 2025-05-21 18:08:44,966 ] 1025 httpx - INFO - HTTP Request: GET https://dagshub.com/api/v1/repos/ashokmevada18/Insurance "HTTP/1.1 200 OK"
[ 2025-05-21 18:08:45,321 ] 1025 httpx - INFO - HTTP Request: GET https://dagshub.com/api/v1/user "HTTP/1.1 200 OK"
[ 2025-05-21 18:08:45,323 ] 107 dagshub - INFO - Initialized MLflow to track repo "ashokmevada18/Insurance"
[ 2025-05-21 18:08:45,324 ] 107 dagshub - INFO - Repository ashokmevada18/Insurance initialized!
[ 2025-05-21 18:08:45,325 ] 17 root - INFO - Initiated Data Ingestion
[ 2025-05-21 18:08:52,201 ] 61 root - INFO - Raw data saved to Artifacts\data_ingestion\feature_store and synced to latest/
[ 2025-05-21 18:08:52,214 ] 71 root - INFO - Performed Train Test Split on the dataframe
[ 2025-05-21 18:08:52,215 ] 74 root - INFO - Exporting train and test file path.
[ 2025-05-21 18:08:52,375 ] 81 root - INFO - Exported train and test file path.
[ 2025-05-21 18:08:52,389 ] 19 root - INFO - Completed Data Ingestion
[ 2025-05-21 18:08:52,402 ] 22 root - INFO - Initiated Data Validation
[ 2025-05-21 18:08:52,531 ] 40 root - INFO - Required number of columns:27
[ 2025-05-21 18:08:52,532 ] 41 root - INFO - Data frame has columns:27
[ 2025-05-21 18:08:52,532 ] 40 root - INFO - Required number of columns:27
[ 2025-05-21 18:08:52,532 ] 41 root - INFO - Data frame has columns:27
[ 2025-05-21 18:08:52,864 ] 24 root - INFO - Completed Data Validation
[ 2025-05-21 18:08:52,864 ] 26 root - INFO - Initiated Data Transformation
[ 2025-05-21 18:08:52,865 ] 76 root - INFO - Started Data Transformation and Reading train and test file
[ 2025-05-21 18:08:52,975 ] 46 root - INFO - Entered the save_object method of MainUtils class
[ 2025-05-21 18:08:52,978 ] 50 root - INFO - Exited the save_object method of MainUtils class
[ 2025-05-21 18:08:52,980 ] 30 root - INFO - Completed Data Transformation
[ 2025-05-21 18:08:52,980 ] 32 root - INFO - Model Training started...
[ 2025-05-21 18:08:53,014 ] 115 root - INFO - Starting model evaluation...
[ 2025-05-21 18:13:11,064 ] 130 root - INFO - Best model found: Decision Tree with score: 1.0
[ 2025-05-21 18:13:11,064 ] 131 root - INFO - Best hyperparameters: {'criterion': 'gini', 'max_depth': 20}
[ 2025-05-21 18:13:59,802 ] 46 root - INFO - Entered the save_object method of MainUtils class
[ 2025-05-21 18:13:59,803 ] 50 root - INFO - Exited the save_object method of MainUtils class
[ 2025-05-21 18:13:59,803 ] 46 root - INFO - Entered the save_object method of MainUtils class
[ 2025-05-21 18:13:59,804 ] 50 root - INFO - Exited the save_object method of MainUtils class
[ 2025-05-21 18:13:59,804 ] 162 root - INFO - Model trainer artifact: ModelTrainerArtifact(trained_model_file_path='Artifacts\\model_trainer\\trained_model\\model.pkl', train_metric_artifact=ClassificationMetricArtifact(f1_score=1.0, precision_score=1.0, recall_score=1.0), test_metric_artifact=ClassificationMetricArtifact(f1_score=1.0, precision_score=1.0, recall_score=1.0))
[ 2025-05-21 18:13:59,808 ] 37 root - INFO - Model Training artifact created
