[ 2025-04-08 17:39:23,218 ] 1025 httpx - INFO - HTTP Request: GET https://dagshub.com/api/v1/user "HTTP/1.1 200 OK"
[ 2025-04-08 17:39:23,220 ] 107 dagshub - INFO - Accessing as ashokmevada18
[ 2025-04-08 17:39:23,569 ] 1025 httpx - INFO - HTTP Request: GET https://dagshub.com/api/v1/repos/ashokmevada18/Insurance "HTTP/1.1 200 OK"
[ 2025-04-08 17:39:23,849 ] 1025 httpx - INFO - HTTP Request: GET https://dagshub.com/api/v1/user "HTTP/1.1 200 OK"
[ 2025-04-08 17:39:23,849 ] 107 dagshub - INFO - Initialized MLflow to track repo "ashokmevada18/Insurance"
[ 2025-04-08 17:39:23,849 ] 107 dagshub - INFO - Repository ashokmevada18/Insurance initialized!
[ 2025-04-08 17:39:23,849 ] 17 root - INFO - Initiated Data Ingestion
[ 2025-04-08 17:39:31,101 ] 60 root - INFO - Performed Train Test Split on the dataframe
[ 2025-04-08 17:39:31,101 ] 63 root - INFO - Exporting train and test file path.
[ 2025-04-08 17:39:31,161 ] 70 root - INFO - Exported train and test file path.
[ 2025-04-08 17:39:31,176 ] 19 root - INFO - Completed Data Ingestion
[ 2025-04-08 17:39:31,176 ] 22 root - INFO - Initiated Data Validation
[ 2025-04-08 17:39:31,223 ] 40 root - INFO - Required number of columns:27
[ 2025-04-08 17:39:31,223 ] 41 root - INFO - Data frame has columns:27
[ 2025-04-08 17:39:31,223 ] 40 root - INFO - Required number of columns:27
[ 2025-04-08 17:39:31,223 ] 41 root - INFO - Data frame has columns:27
[ 2025-04-08 17:39:31,417 ] 24 root - INFO - Completed Data Validation
[ 2025-04-08 17:39:31,417 ] 26 root - INFO - Initiated Data Transformation
[ 2025-04-08 17:39:31,417 ] 76 root - INFO - Started Data Transformation and Reading train and test file
[ 2025-04-08 17:39:31,468 ] 46 root - INFO - Entered the save_object method of MainUtils class
[ 2025-04-08 17:39:31,468 ] 50 root - INFO - Exited the save_object method of MainUtils class
[ 2025-04-08 17:39:31,468 ] 30 root - INFO - Completed Data Transformation
[ 2025-04-08 17:39:31,468 ] 32 root - INFO - Model Training started...
